<?xml version="1.0" encoding="UTF-8"?>
<!-- Generated by org.testng.reporters.JUnitReportReporter -->
<testsuite hostname="DESKTOP-TAKCJM8" failures="0" tests="4" name="com.htp.method.testng.TestingGetwithTestNG" time="0.005" errors="0" timestamp="2021-08-22T14:17:49 EDT" skipped="0">
  <testcase classname="com.htp.method.testng.TestingGetwithTestNG" name="getResponseNullOrNot" time="0.000"/>
  <system-out/>
  <testcase classname="com.htp.method.testng.TestingGetwithTestNG" name="getContainType" time="0.005"/>
  <system-out/>
  <testcase classname="com.htp.method.testng.TestingGetwithTestNG" name="getResponseTime" time="0.000"/>
  <system-out/>
  <testcase classname="com.htp.method.testng.TestingGetwithTestNG" name="getStatusCode" time="0.000"/>
  <system-out/>
</testsuite> <!-- com.htp.method.testng.TestingGetwithTestNG -->
