<?xml version="1.0" encoding="UTF-8"?>
<!-- Generated by org.testng.reporters.JUnitReportReporter -->
<testsuite hostname="DESKTOP-TAKCJM8" failures="0" tests="1" name="com.http.method.cucumber.Runner" time="2.162" errors="0" timestamp="2021-08-22T14:30:07 EDT" skipped="0">
  <testcase classname="com.http.method.cucumber.Runner" name="runScenario" time="2.162"/>
  <system-out/>
</testsuite> <!-- com.http.method.cucumber.Runner -->
