<?xml version="1.0" encoding="UTF-8"?>
<!-- Generated by org.testng.reporters.JUnitReportReporter -->
<testsuite hostname="DESKTOP-TAKCJM8" failures="0" tests="5" name="com.htp.method.testng.TestingGetwithTestNG" time="0.788" errors="0" timestamp="2021-08-26T18:01:33 EDT" skipped="0">
  <testcase classname="com.htp.method.testng.TestingGetwithTestNG" name="getContainType" time="0.013"/>
  <system-out/>
  <testcase classname="com.htp.method.testng.TestingGetwithTestNG" name="getResponseTime" time="0.001"/>
  <system-out/>
  <testcase classname="com.htp.method.testng.TestingGetwithTestNG" name="getResponseNullOrNot" time="0.001"/>
  <system-out/>
  <testcase classname="com.htp.method.testng.TestingGetwithTestNG" name="getResponseDataValidation" time="0.772"/>
  <system-out/>
  <testcase classname="com.htp.method.testng.TestingGetwithTestNG" name="getStatusCode" time="0.001"/>
  <system-out/>
</testsuite> <!-- com.htp.method.testng.TestingGetwithTestNG -->
