<?xml version="1.0" encoding="UTF-8"?>
<!-- Generated by org.testng.reporters.JUnitReportReporter -->
<testsuite skipped="0" hostname="DESKTOP-TAKCJM8" name="com.http.method.cucumber.Runner" tests="1" failures="0" timestamp="2021-08-28T23:11:35 EDT" time="2.573" errors="0">
  <testcase name="runScenario" time="2.573" classname="com.http.method.cucumber.Runner"/>
  <system-out/>
</testsuite> <!-- com.http.method.cucumber.Runner -->
